<?xml version="1.0" encoding="UTF-8"?>
<!-- Generated by org.testng.reporters.JUnitReportReporter -->
<testsuite skipped="0" hostname="User-PC" name="com.vtiger.testscript.ConvertLeadsToOrganizationBySelectOpportunityCheckBoxTest" tests="1" failures="0" timestamp="17 Dec 2020 09:56:47 GMT" time="51.962" errors="0">
  <testcase name="convertByOpportunityCheckBox" time="51.962" classname="com.vtiger.testscript.ConvertLeadsToOrganizationBySelectOpportunityCheckBoxTest"/>
</testsuite> <!-- com.vtiger.testscript.ConvertLeadsToOrganizationBySelectOpportunityCheckBoxTest -->
