<?xml version="1.0" encoding="UTF-8"?>
<!-- Generated by org.testng.reporters.JUnitReportReporter -->
<testsuite skipped="0" hostname="User-PC" name="com.vtiger.testscript.ConvertLeadsToOrganizationBySelectOrganizatonCheckBoxTest" tests="1" failures="0" timestamp="17 Dec 2020 09:56:46 GMT" time="28.358" errors="0">
  <testcase name="converByOrganizationCheckBox" time="28.358" classname="com.vtiger.testscript.ConvertLeadsToOrganizationBySelectOrganizatonCheckBoxTest"/>
</testsuite> <!-- com.vtiger.testscript.ConvertLeadsToOrganizationBySelectOrganizatonCheckBoxTest -->
