<?xml version="1.0" encoding="UTF-8"?>
<!-- Generated by org.testng.reporters.JUnitReportReporter -->
<testsuite skipped="0" hostname="User-PC" name="com.vtiger.testscript.ConvertLeadsToOrganizationBySelectingAllCheckBox" tests="1" failures="0" timestamp="16 Dec 2020 02:19:19 GMT" time="51.306" errors="0">
  <testcase name="converLeadtToOraganization" time="51.306" classname="com.vtiger.testscript.ConvertLeadsToOrganizationBySelectingAllCheckBox"/>
</testsuite> <!-- com.vtiger.testscript.ConvertLeadsToOrganizationBySelectingAllCheckBox -->
