<?xml version="1.0" encoding="UTF-8"?>
<!-- Generated by org.testng.reporters.JUnitReportReporter -->
<testsuite skipped="0" hostname="User-PC" name="com.vtiger.testscript.ConvertLeadsToOrganizationBySelectingAllCheckBoxTest" tests="1" failures="0" timestamp="20 Dec 2020 15:22:54 GMT" time="54.467" errors="0">
  <testcase name="convertLeadtToOraganization" time="54.467" classname="com.vtiger.testscript.ConvertLeadsToOrganizationBySelectingAllCheckBoxTest"/>
</testsuite> <!-- com.vtiger.testscript.ConvertLeadsToOrganizationBySelectingAllCheckBoxTest -->
